#
# A fatal error has been detected by the Java Runtime Environment:
#
#  EXCEPTION_ACCESS_VIOLATION (0xc0000005) at pc=0x00007ffd71381be1, pid=28192, tid=35900
#
# JRE version:  (17.0.7+7) (build )
# Java VM: OpenJDK 64-Bit Server VM (17.0.7+7, mixed mode, sharing, tiered, unknown gc, windows-amd64)
# Problematic frame:
# C  [jimage.dll+0x1be1]
#
# No core dump will be written. Minidumps are not enabled by default on client versions of Windows
#
#

---------------  S U M M A R Y ------------

Command Line: 

Host: Intel(R) Core(TM) i5-8250U CPU @ 1.60GHz, 8 cores, 7G,  Windows 10 , 64 bit Build 19041 (10.0.19041.3155)
Time: Mon Sep  4 16:45:22 2023 India Standard Time elapsed time: 0.129245 seconds (0d 0h 0m 0s)

---------------  T H R E A D  ---------------

Current thread is native thread

Stack: [0x00000035f1900000,0x00000035f1a00000],  sp=0x00000035f19fd1d0,  free space=1012k
Native frames: (J=compiled Java code, j=interpreted, Vv=VM code, C=native code)
C  [jimage.dll+0x1be1]
C  [jimage.dll+0x1d6f]
C  [jimage.dll+0x264d]
V  [jvm.dll+0x1f27ba]
V  [jvm.dll+0xb067e]
V  [jvm.dll+0x7e57ac]
V  [jvm.dll+0x3ed56f]
V  [jvm.dll+0x3ef0a1]
C  [jli.dll+0x528b]
C  [ucrtbase.dll+0x21bb2]
C  [KERNEL32.DLL+0x17614]
C  [ntdll.dll+0x526b1]


siginfo: EXCEPTION_ACCESS_VIOLATION (0xc0000005), reading address 0x00000000000016ac


Registers:
RAX=0x00000000000005a4, RBX=0x00000035f19fd2c1, RCX=0x00007ffd71386000, RDX=0x00000000000005a4
RSP=0x00000035f19fd1d0, RBP=0x00000035f19fd2c0, RSI=0x0000000000007196, RDI=0x00000035f19fd2c0
R8 =0x00007ffd71384288, R9 =0x000000000000001c, R10=0x00007ffce7836b00, R11=0x00007ffd71386000
R12=0x0000000000000002, R13=0x0000017a3d31dd00, R14=0x00000035f19fe330, R15=0x00007ffce7836b78
RIP=0x00007ffd71381be1, EFLAGS=0x0000000000010246

Top of Stack: (sp=0x00000035f19fd1d0)
0x00000035f19fd1d0:   00000035f15e3000 0000000000000003
0x00000035f19fd1e0:   0000017a3d1a1788 00000035f19fd340
0x00000035f19fd1f0:   0000017a3d32bb40 00007ffd71381d6f
0x00000035f19fd200:   000000000000000b 0000017a3d32bb40
0x00000035f19fd210:   00000035f19fd261 00000035f19fd340
0x00000035f19fd220:   00000000000006f5 0000017a3d310150
0x00000035f19fd230:   00000000000006f5 00000000000006f5
0x00000035f19fd240:   00000000000006f5 0000017aaf0005aa
0x00000035f19fd250:   0000017a3d31a540 00007ffd819ae249
0x00000035f19fd260:   0000d86e38258393 00000003af0005aa
0x00000035f19fd270:   00007ffce7815670 0000000000000017
0x00000035f19fd280:   0000017a3d32bb40 00000035f19fe330
0x00000035f19fd290:   000000000000000b 00007ffd7138264d
0x00000035f19fd2a0:   000000000000072c 000000000000072c
0x00000035f19fd2b0:   000000000000072c 0000017aaf0005aa
0x00000035f19fd2c0:   61622e6176616a2f 692f6b646a2f6573 

Instructions: (pc=0x00007ffd71381be1)
0x00007ffd71381ae1:   48 85 c9 74 1d 80 3d 23 45 00 00 00 74 06 48 8b
0x00007ffd71381af1:   53 18 eb 04 48 8b 53 40 e8 ae 0e 00 00 48 83 63
0x00007ffd71381b01:   48 00 8b 4b 0c 83 f9 ff 74 09 e8 e4 0c 00 00 83
0x00007ffd71381b11:   4b 0c ff 48 8b 4b 70 48 85 c9 74 0f ba 10 00 00
0x00007ffd71381b21:   00 e8 fd 0e 00 00 48 83 63 70 00 48 83 c4 20 5b
0x00007ffd71381b31:   c3 cc cc 40 53 48 83 ec 20 48 8b d9 48 8d 0d dc
0x00007ffd71381b41:   46 00 00 e8 b3 0c 00 00 83 6b 08 01 75 24 48 8b
0x00007ffd71381b51:   d3 48 8d 0d bf 44 00 00 e8 22 08 00 00 48 8b cb
0x00007ffd71381b61:   e8 de fe ff ff ba 78 00 00 00 48 8b cb e8 b1 0e
0x00007ffd71381b71:   00 00 48 8d 0d a6 46 00 00 48 83 c4 20 5b e9 80
0x00007ffd71381b81:   0c 00 00 48 89 5c 24 08 48 89 74 24 10 57 48 83
0x00007ffd71381b91:   ec 20 41 8b f1 4d 8b c8 48 8b fa 4c 8b d9 4d 85
0x00007ffd71381ba1:   c0 74 78 85 f6 74 74 44 8a 12 48 8d 5a 01 48 8b
0x00007ffd71381bb1:   d3 b8 93 01 00 01 eb 12 69 c0 93 01 00 01 41 0f
0x00007ffd71381bc1:   b6 ca 44 8a 12 33 c1 48 ff c2 45 84 d2 75 e9 4d
0x00007ffd71381bd1:   8b 03 0f ba f0 1f 33 d2 49 8b cb f7 f6 48 63 c2
0x00007ffd71381be1:   41 8b 14 81 41 ff 50 08 85 c0 7e 24 8a 0f eb 10
0x00007ffd71381bf1:   69 c0 93 01 00 01 0f b6 c9 33 c1 8a 0b 48 ff c3
0x00007ffd71381c01:   84 c9 75 ec 0f ba f0 1f 33 d2 f7 f6 8b c2 eb 0e
0x00007ffd71381c11:   79 09 83 c9 ff 2b c8 8b c1 eb 03 83 c8 ff 48 8b
0x00007ffd71381c21:   5c 24 30 48 8b 74 24 38 48 83 c4 20 5f c3 cc 48
0x00007ffd71381c31:   89 5c 24 08 48 89 74 24 10 57 48 83 ec 20 48 8b
0x00007ffd71381c41:   f1 48 8d 0d d7 45 00 00 e8 ae 0b 00 00 33 ff 39
0x00007ffd71381c51:   3d c2 43 00 00 76 24 48 8b 05 c1 43 00 00 48 8b
0x00007ffd71381c61:   d6 48 8b 1c f8 48 8b 0b e8 72 1e 00 00 85 c0 74
0x00007ffd71381c71:   2b ff c7 3b 3d 9e 43 00 00 72 dc 33 db 48 8d 0d
0x00007ffd71381c81:   9b 45 00 00 e8 7a 0b 00 00 48 8b 74 24 38 48 8b
0x00007ffd71381c91:   c3 48 8b 5c 24 30 48 83 c4 20 5f c3 ff 43 08 eb
0x00007ffd71381ca1:   dc cc cc 48 89 5c 24 08 48 89 74 24 10 57 48 83
0x00007ffd71381cb1:   ec 20 48 8b d9 48 8b f2 48 8b 49 10 49 8b f8 8b
0x00007ffd71381cc1:   53 30 48 8b 01 ff 50 20 4c 8b 43 50 48 8b d6 48
0x00007ffd71381cd1:   8b 4b 10 44 8b c8 e8 a8 fe ff ff 83 f8 ff 74 38 



---------------  P R O C E S S  ---------------

VM state: not at safepoint (not fully initialized)

VM Mutex/Monitor currently owned by a thread: None

GC Precious Log:
<Not initialized>


Dynamic libraries:
0x00007ff7155b0000 - 0x00007ff7155be000 	c:\Users\PlayGround\.vscode\extensions\redhat.java-1.21.0-win32-x64\jre\17.0.7-win32-x86_64\bin\java.exe
0x00007ffd81990000 - 0x00007ffd81b88000 	C:\WINDOWS\SYSTEM32\ntdll.dll
0x00007ffd81720000 - 0x00007ffd817df000 	C:\WINDOWS\System32\KERNEL32.DLL
0x00007ffd7f020000 - 0x00007ffd7f316000 	C:\WINDOWS\System32\KERNELBASE.dll
0x00007ffd7f670000 - 0x00007ffd7f770000 	C:\WINDOWS\System32\ucrtbase.dll
0x00007ffd71100000 - 0x00007ffd71119000 	c:\Users\PlayGround\.vscode\extensions\redhat.java-1.21.0-win32-x64\jre\17.0.7-win32-x86_64\bin\VCRUNTIME140.dll
0x00007ffd5af30000 - 0x00007ffd5af47000 	c:\Users\PlayGround\.vscode\extensions\redhat.java-1.21.0-win32-x64\jre\17.0.7-win32-x86_64\bin\jli.dll
0x00007ffd80650000 - 0x00007ffd807ed000 	C:\WINDOWS\System32\USER32.dll
0x00007ffd7f530000 - 0x00007ffd7f552000 	C:\WINDOWS\System32\win32u.dll
0x00007ffd816f0000 - 0x00007ffd8171c000 	C:\WINDOWS\System32\GDI32.dll
0x00007ffd7f7a0000 - 0x00007ffd7f8b5000 	C:\WINDOWS\System32\gdi32full.dll
0x00007ffd7f5d0000 - 0x00007ffd7f66d000 	C:\WINDOWS\System32\msvcp_win.dll
0x00007ffd6d410000 - 0x00007ffd6d6aa000 	C:\WINDOWS\WinSxS\amd64_microsoft.windows.common-controls_6595b64144ccf1df_6.0.19041.1110_none_60b5254171f9507e\COMCTL32.dll
0x00007ffd80390000 - 0x00007ffd8042e000 	C:\WINDOWS\System32\msvcrt.dll
0x00007ffd809a0000 - 0x00007ffd809d0000 	C:\WINDOWS\System32\IMM32.DLL
0x00007ffd775d0000 - 0x00007ffd775dc000 	c:\Users\PlayGround\.vscode\extensions\redhat.java-1.21.0-win32-x64\jre\17.0.7-win32-x86_64\bin\vcruntime140_1.dll
0x00007ffd4da70000 - 0x00007ffd4db01000 	c:\Users\PlayGround\.vscode\extensions\redhat.java-1.21.0-win32-x64\jre\17.0.7-win32-x86_64\bin\msvcp140.dll
0x00007ffce6f00000 - 0x00007ffce7b48000 	c:\Users\PlayGround\.vscode\extensions\redhat.java-1.21.0-win32-x64\jre\17.0.7-win32-x86_64\bin\server\jvm.dll
0x00007ffd802e0000 - 0x00007ffd8038f000 	C:\WINDOWS\System32\ADVAPI32.dll
0x00007ffd805b0000 - 0x00007ffd8064c000 	C:\WINDOWS\System32\sechost.dll
0x00007ffd81540000 - 0x00007ffd81666000 	C:\WINDOWS\System32\RPCRT4.dll
0x00007ffd809d0000 - 0x00007ffd809d9000 	C:\WINDOWS\System32\WSOCK32.dll
0x00007ffd817e0000 - 0x00007ffd8184b000 	C:\WINDOWS\System32\WS2_32.dll
0x00007ffd80c90000 - 0x00007ffd80c9a000 	C:\WINDOWS\System32\VERSION.dll
0x00007ffd6caf0000 - 0x00007ffd6cb17000 	C:\WINDOWS\SYSTEM32\WINMM.dll
0x00007ffd7cec0000 - 0x00007ffd7ced2000 	C:\WINDOWS\SYSTEM32\kernel.appcore.dll
0x00007ffd71380000 - 0x00007ffd7138a000 	c:\Users\PlayGround\.vscode\extensions\redhat.java-1.21.0-win32-x64\jre\17.0.7-win32-x86_64\bin\jimage.dll
0x00007ffd73650000 - 0x00007ffd73834000 	C:\WINDOWS\SYSTEM32\DBGHELP.DLL
0x00007ffd735f0000 - 0x00007ffd73624000 	C:\WINDOWS\SYSTEM32\dbgcore.DLL
0x00007ffd7f8c0000 - 0x00007ffd7f942000 	C:\WINDOWS\System32\bcryptPrimitives.dll

dbghelp: loaded successfully - version: 4.0.5 - missing functions: none
symbol engine: initialized successfully - sym options: 0x614 - pdb path: .;c:\Users\PlayGround\.vscode\extensions\redhat.java-1.21.0-win32-x64\jre\17.0.7-win32-x86_64\bin;C:\WINDOWS\SYSTEM32;C:\WINDOWS\WinSxS\amd64_microsoft.windows.common-controls_6595b64144ccf1df_6.0.19041.1110_none_60b5254171f9507e;c:\Users\PlayGround\.vscode\extensions\redhat.java-1.21.0-win32-x64\jre\17.0.7-win32-x86_64\bin\server

VM Arguments:
java_command: <unknown>
java_class_path (initial): <not set>
Launcher Type: SUN_STANDARD

[Global flags]
     bool UseLargePagesIndividualAllocation        = false                                  {pd product} {ergonomic}

Logging:
Log output configuration:
 #0: stdout all=warning uptime,level,tags
 #1: stderr all=off uptime,level,tags

Environment Variables:
PATH=C:\Program Files\Common Files\Oracle\Java\javapath;C:\ProgramData\Miniconda3;C:\ProgramData\Miniconda3\Library\mingw-w64\bin;C:\ProgramData\Miniconda3\Library\usr\bin;C:\ProgramData\Miniconda3\Library\bin;C:\ProgramData\Miniconda3\Scripts;C:\WINDOWS\system32;C:\WINDOWS;C:\WINDOWS\system32\Wbem;C:\app\Mahesh\product\18.0.0\dbhomeXE\bin;C:\Program Files (x86)\Intel\Intel(R) Management Engine Components\iCLS\;C:\Program Files\Intel\Intel(R) Management Engine Components\iCLS\;C:\Windows\System32\WindowsPowerShell\v1.0\;C:\Windows\System32\OpenSSH\;C:\Program Files (x86)\Intel\Intel(R) Management Engine Components\DAL;C:\Program Files\Intel\Intel(R) Management Engine Components\DAL;C:\Program Files (x86)\Intel\Intel(R) Management Engine Components\IPT;C:\Program Files\Intel\Intel(R) Management Engine Components\IPT;C:\Users\Mahesh\AppData\Local\Microsoft\WindowsApps;C:\adb;C:\Program Files (x86)\NVIDIA Corporation\PhysX\Common;C:\Program Files\nodejs\;C:\WINDOWS\system32;C:\WINDOWS;C:\WINDOWS\System32\Wbem;C:\WINDOWS\System32\WindowsPowerShell\v1.0\;C:\WINDOWS\System32\OpenSSH\;C:\Users\PlayGround\AppData\Roaming\npm;C:\Program Files\Microsoft SQL Server\150\Tools\Binn\;C:\Program Files\Microsoft SQL Server\Client SDK\ODBC\170\Tools\Binn\;C:\Program Files\Microsoft SQL Server\140\DTS\Binn\;C:\Program Files\Microsoft SQL Server\150\DTS\Binn\;C:\Program Files\Microsoft SQL Server\160\DTS\Binn\;C:\Program Files (x86)\Microsoft SQL Server\160\Tools\Binn\;C:\Program Files\Microsoft SQL Server\160\Tools\Binn\;C:\Program Files\dotnet\;C:\Program Files\Azure Data Studio\bin;C:\Program Files (x86)\Microsoft SQL Server\160\DTS\Binn\;C:\Users\PlayGround\AppData\Local\Microsoft\WindowsApps;C:\Users\PlayGround\AppData\Local\Programs\Microsoft VS Code\bin;C:\Users\PlayGround\AppData\Local\Programs\Git\cmd;C:\Users\PlayGround\AppData\Local\GitHubDesktop\bin
USERNAME=PlayGround
OS=Windows_NT
PROCESSOR_IDENTIFIER=Intel64 Family 6 Model 142 Stepping 10, GenuineIntel
TMP=C:\Users\PLAYGR~1\AppData\Local\Temp
TEMP=C:\Users\PLAYGR~1\AppData\Local\Temp



---------------  S Y S T E M  ---------------

OS:
 Windows 10 , 64 bit Build 19041 (10.0.19041.3155)
OS uptime: 24 days 6:03 hours

CPU: total 8 (initial active 0) 

Memory: 4k page, system-wide physical 8067M (465M free)
TotalPageFile size 32643M (AvailPageFile size 29M)
current process WorkingSet (physical memory assigned to process): 7M, peak: 7M
current process commit charge ("private bytes"): 3M, peak: 3M

vm_info: OpenJDK 64-Bit Server VM (17.0.7+7) for windows-amd64 JRE (17.0.7+7), built on Apr 18 2023 22:10:42 by "temurin" with MS VC++ 16.7 (VS2019)

END.
