#
# There is insufficient memory for the Java Runtime Environment to continue.
# Native memory allocation (malloc) failed to allocate 319808 bytes for Chunk::new
# Possible reasons:
#   The system is out of physical RAM or swap space
#   The process is running with CompressedOops enabled, and the Java Heap may be blocking the growth of the native heap
# Possible solutions:
#   Reduce memory load on the system
#   Increase physical memory or swap space
#   Check if swap backing store is full
#   Decrease Java heap size (-Xmx/-Xms)
#   Decrease number of Java threads
#   Decrease Java thread stack sizes (-Xss)
#   Set larger code cache with -XX:ReservedCodeCacheSize=
#   JVM is running with Unscaled Compressed Oops mode in which the Java heap is
#     placed in the first 4GB address space. The Java Heap base address is the
#     maximum limit for the native heap growth. Please use -XX:HeapBaseMinAddress
#     to set the Java Heap base and to place the Java Heap above 4GB virtual address.
# This output file may be truncated or incomplete.
#
#  Out of Memory Error (arena.cpp:189), pid=28828, tid=33612
#
# JRE version: OpenJDK Runtime Environment Temurin-17.0.7+7 (17.0.7+7) (build 17.0.7+7)
# Java VM: OpenJDK 64-Bit Server VM Temurin-17.0.7+7 (17.0.7+7, mixed mode, tiered, compressed oops, compressed class ptrs, parallel gc, windows-amd64)
# No core dump will be written. Minidumps are not enabled by default on client versions of Windows
#

---------------  S U M M A R Y ------------

Command Line: --add-modules=ALL-SYSTEM --add-opens=java.base/java.util=ALL-UNNAMED --add-opens=java.base/java.lang=ALL-UNNAMED --add-opens=java.base/sun.nio.fs=ALL-UNNAMED -Declipse.application=org.eclipse.jdt.ls.core.id1 -Dosgi.bundles.defaultStartLevel=4 -Declipse.product=org.eclipse.jdt.ls.core.product -Djava.import.generatesMetadataFilesAtProjectRoot=false -Dfile.encoding=utf8 -XX:+UseParallelGC -XX:GCTimeRatio=4 -XX:AdaptiveSizePolicyWeight=90 -Dsun.zip.disableMemoryMapping=true -Xmx1G -Xms100m -Xlog:disable -javaagent:c:\Users\PlayGround\.vscode\extensions\redhat.java-1.21.0-win32-x64\lombok\lombok-1.18.28.jar c:\Users\PlayGround\.vscode\extensions\redhat.java-1.21.0-win32-x64\server\plugins\org.eclipse.equinox.launcher_1.6.500.v20230717-2134.jar -configuration c:\Users\PlayGround\AppData\Roaming\Code\User\globalStorage\redhat.java\1.21.0\config_ss_win -data c:\Users\PlayGround\AppData\Roaming\Code\User\workspaceStorage\9d3b3cff8269673f6d105bc0112d8063\redhat.java\ss_ws

Host: Intel(R) Core(TM) i5-8250U CPU @ 1.60GHz, 8 cores, 7G,  Windows 10 , 64 bit Build 19041 (10.0.19041.3155)
Time: Fri Sep  1 18:25:57 2023 India Standard Time elapsed time: 3.251468 seconds (0d 0h 0m 3s)

---------------  T H R E A D  ---------------

Current thread (0x000001bda2ed6ad0):  JavaThread "C2 CompilerThread1" daemon [_thread_in_native, id=33612, stack(0x0000005ace000000,0x0000005ace100000)]


Current CompileTask:
C2:   3251  485       4       lombok.patcher.scripts.MethodLevelPatchScript::patch (21 bytes)

Stack: [0x0000005ace000000,0x0000005ace100000]
Native frames: (J=compiled Java code, j=interpreted, Vv=VM code, C=native code)
V  [jvm.dll+0x67754a]
V  [jvm.dll+0x834304]
V  [jvm.dll+0x835aae]
V  [jvm.dll+0x836113]
V  [jvm.dll+0x24696f]
V  [jvm.dll+0xac0ac]
V  [jvm.dll+0xac67c]
V  [jvm.dll+0x364e37]
V  [jvm.dll+0x32f6b1]
V  [jvm.dll+0x32eb5a]
V  [jvm.dll+0x219641]
V  [jvm.dll+0x218a61]
V  [jvm.dll+0x1a4d8d]
V  [jvm.dll+0x2284da]
V  [jvm.dll+0x226615]
V  [jvm.dll+0x7ea90b]
V  [jvm.dll+0x7e4e7a]
V  [jvm.dll+0x676395]
C  [ucrtbase.dll+0x21bb2]
C  [KERNEL32.DLL+0x17614]
C  [ntdll.dll+0x526b1]


---------------  P R O C E S S  ---------------

Threads class SMR info:
_java_thread_list=0x000001bda3ef4e60, length=13, elements={
0x000001bd899aa320, 0x000001bd89a65120, 0x000001bd89a687c0, 0x000001bd9d82a080,
0x000001bd9d82ae00, 0x000001bd9d82bb80, 0x000001bda2b31570, 0x000001bda2b35ff0,
0x000001bd89a6b770, 0x000001bd89a6e430, 0x000001bda2c0ec50, 0x000001bda2e7acb0,
0x000001bda2ed6ad0
}

Java Threads: ( => current thread )
  0x000001bd899aa320 JavaThread "main" [_thread_in_Java, id=19564, stack(0x0000005acd100000,0x0000005acd200000)]
  0x000001bd89a65120 JavaThread "Reference Handler" daemon [_thread_blocked, id=22556, stack(0x0000005acd400000,0x0000005acd500000)]
  0x000001bd89a687c0 JavaThread "Finalizer" daemon [_thread_blocked, id=32700, stack(0x0000005acd500000,0x0000005acd600000)]
  0x000001bd9d82a080 JavaThread "Signal Dispatcher" daemon [_thread_blocked, id=34116, stack(0x0000005acd600000,0x0000005acd700000)]
  0x000001bd9d82ae00 JavaThread "Attach Listener" daemon [_thread_blocked, id=23376, stack(0x0000005acd700000,0x0000005acd800000)]
  0x000001bd9d82bb80 JavaThread "Service Thread" daemon [_thread_blocked, id=24076, stack(0x0000005acd800000,0x0000005acd900000)]
  0x000001bda2b31570 JavaThread "Monitor Deflation Thread" daemon [_thread_blocked, id=34456, stack(0x0000005acd900000,0x0000005acda00000)]
  0x000001bda2b35ff0 JavaThread "C2 CompilerThread0" daemon [_thread_in_native, id=33372, stack(0x0000005acda00000,0x0000005acdb00000)]
  0x000001bd89a6b770 JavaThread "C1 CompilerThread0" daemon [_thread_in_native, id=28244, stack(0x0000005acdb00000,0x0000005acdc00000)]
  0x000001bd89a6e430 JavaThread "Sweeper thread" daemon [_thread_blocked, id=32036, stack(0x0000005acdc00000,0x0000005acdd00000)]
  0x000001bda2c0ec50 JavaThread "Common-Cleaner" daemon [_thread_blocked, id=32864, stack(0x0000005acdd00000,0x0000005acde00000)]
  0x000001bda2e7acb0 JavaThread "Notification Thread" daemon [_thread_blocked, id=30284, stack(0x0000005acde00000,0x0000005acdf00000)]
=>0x000001bda2ed6ad0 JavaThread "C2 CompilerThread1" daemon [_thread_in_native, id=33612, stack(0x0000005ace000000,0x0000005ace100000)]

Other Threads:
  0x000001bda2b01c30 VMThread "VM Thread" [stack: 0x0000005acd300000,0x0000005acd400000] [id=13416]
  0x000001bda2e2bd70 WatcherThread [stack: 0x0000005acdf00000,0x0000005ace000000] [id=34112]
  0x000001bd899b90e0 GCTaskThread "GC Thread#0" [stack: 0x0000005acd200000,0x0000005acd300000] [id=31988]

Threads with active compile tasks:
C2 CompilerThread0     3354  548       4       java.util.Collections$UnmodifiableCollection::iterator (9 bytes)
C1 CompilerThread0     3354  546       3       java.lang.invoke.VarHandleGuards::guard_LI_I (78 bytes)
C2 CompilerThread1     3354  485       4       lombok.patcher.scripts.MethodLevelPatchScript::patch (21 bytes)

VM state: not at safepoint (normal execution)

VM Mutex/Monitor currently owned by a thread: None

Heap address: 0x00000000c0000000, size: 1024 MB, Compressed Oops mode: 32-bit

CDS archive(s) not mapped
Compressed class space mapped at: 0x0000000100000000-0x0000000140000000, reserved size: 1073741824
Narrow klass base: 0x0000000000000000, Narrow klass shift: 3, Narrow klass range: 0x140000000

GC Precious Log:
 CPUs: 8 total, 8 available
 Memory: 8067M
 Large Page Support: Disabled
 NUMA Support: Disabled
 Compressed Oops: Enabled (32-bit)
 Alignments: Space 512K, Generation 512K, Heap 2M
 Heap Min Capacity: 100M
 Heap Initial Capacity: 100M
 Heap Max Capacity: 1G
 Pre-touch: Disabled
 Parallel Workers: 8

Heap:
 PSYoungGen      total 29696K, used 12655K [0x00000000eab00000, 0x00000000ecc00000, 0x0000000100000000)
  eden space 25600K, 49% used [0x00000000eab00000,0x00000000eb75be18,0x00000000ec400000)
  from space 4096K, 0% used [0x00000000ec800000,0x00000000ec800000,0x00000000ecc00000)
  to   space 4096K, 0% used [0x00000000ec400000,0x00000000ec400000,0x00000000ec800000)
 ParOldGen       total 68608K, used 0K [0x00000000c0000000, 0x00000000c4300000, 0x00000000eab00000)
  object space 68608K, 0% used [0x00000000c0000000,0x00000000c0000000,0x00000000c4300000)
 Metaspace       used 8852K, committed 8960K, reserved 1114112K
  class space    used 878K, committed 960K, reserved 1048576K

Card table byte_map: [0x000001bd89350000,0x000001bd89560000] _byte_map_base: 0x000001bd88d50000

Marking Bits: (ParMarkBitMap*) 0x00007ffcecc452c0
 Begin Bits: [0x000001bd9b630000, 0x000001bd9c630000)
 End Bits:   [0x000001bd9c630000, 0x000001bd9d630000)

Polling page: 0x000001bd87970000

Metaspace:

Usage:
  Non-class:      7.79 MB used.
      Class:    878.53 KB used.
       Both:      8.64 MB used.

Virtual space:
  Non-class space:       64.00 MB reserved,       7.81 MB ( 12%) committed,  1 nodes.
      Class space:        1.00 GB reserved,     960.00 KB ( <1%) committed,  1 nodes.
             Both:        1.06 GB reserved,       8.75 MB ( <1%) committed. 

Chunk freelists:
   Non-Class:  8.00 MB
       Class:  15.09 MB
        Both:  23.09 MB

MaxMetaspaceSize: unlimited
CompressedClassSpaceSize: 1.00 GB
Initial GC threshold: 21.00 MB
Current GC threshold: 21.00 MB
CDS: off
MetaspaceReclaimPolicy: balanced
 - commit_granule_bytes: 65536.
 - commit_granule_words: 8192.
 - virtual_space_node_default_size: 8388608.
 - enlarge_chunks_in_place: 1.
 - new_chunks_are_fully_committed: 0.
 - uncommit_free_chunks: 1.
 - use_allocation_guard: 0.
 - handle_deallocations: 1.


Internal statistics:

num_allocs_failed_limit: 0.
num_arena_births: 10.
num_arena_deaths: 0.
num_vsnodes_births: 2.
num_vsnodes_deaths: 0.
num_space_committed: 140.
num_space_uncommitted: 0.
num_chunks_returned_to_freelist: 0.
num_chunks_taken_from_freelist: 38.
num_chunk_merges: 0.
num_chunk_splits: 21.
num_chunks_enlarged: 17.
num_inconsistent_stats: 0.

CodeHeap 'non-profiled nmethods': size=120000Kb used=183Kb max_used=183Kb free=119817Kb
 bounds [0x000001bd94100000, 0x000001bd94370000, 0x000001bd9b630000]
CodeHeap 'profiled nmethods': size=120000Kb used=777Kb max_used=777Kb free=119222Kb
 bounds [0x000001bd8c630000, 0x000001bd8c8a0000, 0x000001bd93b60000]
CodeHeap 'non-nmethods': size=5760Kb used=1132Kb max_used=1150Kb free=4627Kb
 bounds [0x000001bd93b60000, 0x000001bd93dd0000, 0x000001bd94100000]
 total_blobs=969 nmethods=546 adapters=337
 compilation: enabled
              stopped_count=0, restarted_count=0
 full_count=0

Compilation events (20 events):
Event: 3.121 Thread 0x000001bda2ed6ad0 nmethod 465 0x000001bd94127810 code [0x000001bd941279a0, 0x000001bd94127ab8]
Event: 3.125 Thread 0x000001bd89a6b770  481       3       java.util.regex.Pattern::isSupplementary (21 bytes)
Event: 3.125 Thread 0x000001bd89a6b770 nmethod 481 0x000001bd8c6d4810 code [0x000001bd8c6d49c0, 0x000001bd8c6d4c38]
Event: 3.125 Thread 0x000001bd89a6b770  483   !   3       java.lang.String::replace (258 bytes)
Event: 3.133 Thread 0x000001bd89a6b770 nmethod 483 0x000001bd8c6d4d10 code [0x000001bd8c6d51e0, 0x000001bd8c6d7508]
Event: 3.133 Thread 0x000001bd89a6b770  484   !   3       java.lang.invoke.MemberName::getMethodType (211 bytes)
Event: 3.133 Thread 0x000001bda2ed6ad0  485       4       lombok.patcher.scripts.MethodLevelPatchScript::patch (21 bytes)
Event: 3.136 Thread 0x000001bd89a6b770 nmethod 484 0x000001bd8c6d8490 code [0x000001bd8c6d8780, 0x000001bd8c6d9c38]
Event: 3.136 Thread 0x000001bd89a6b770  482       3       java.lang.Character::isSurrogate (18 bytes)
Event: 3.137 Thread 0x000001bd89a6b770 nmethod 482 0x000001bd8c6da210 code [0x000001bd8c6da3a0, 0x000001bd8c6da538]
Event: 3.143 Thread 0x000001bda2b35ff0 nmethod 452 0x000001bd94127b90 code [0x000001bd94127d40, 0x000001bd941282b8]
Event: 3.144 Thread 0x000001bda2b35ff0  486       4       lombok.patcher.PatchScript::classMatches (41 bytes)
Event: 3.157 Thread 0x000001bd89a6b770  488       3       java.lang.Byte::<init> (10 bytes)
Event: 3.157 Thread 0x000001bd89a6b770 nmethod 488 0x000001bd8c6da610 code [0x000001bd8c6da7c0, 0x000001bd8c6da998]
Event: 3.199 Thread 0x000001bd89a6b770  489       3       java.lang.reflect.Modifier::isPublic (12 bytes)
Event: 3.200 Thread 0x000001bd89a6b770 nmethod 489 0x000001bd8c6daa90 code [0x000001bd8c6dac20, 0x000001bd8c6dad78]
Event: 3.200 Thread 0x000001bd89a6b770  490  s    3       java.io.ByteArrayOutputStream::write (32 bytes)
Event: 3.201 Thread 0x000001bd89a6b770 nmethod 490 0x000001bd8c6dae10 code [0x000001bd8c6dafc0, 0x000001bd8c6db208]
Event: 3.202 Thread 0x000001bd89a6b770  491       3       java.util.TreeMap::parentOf (13 bytes)
Event: 3.202 Thread 0x000001bd89a6b770 nmethod 491 0x000001bd8c6db310 code [0x000001bd8c6db4a0, 0x000001bd8c6db618]

GC Heap History (0 events):
No events

Dll operation events (8 events):
Event: 0.025 Loaded shared library c:\Users\PlayGround\.vscode\extensions\redhat.java-1.21.0-win32-x64\jre\17.0.7-win32-x86_64\bin\java.dll
Event: 1.141 Loaded shared library c:\Users\PlayGround\.vscode\extensions\redhat.java-1.21.0-win32-x64\jre\17.0.7-win32-x86_64\bin\zip.dll
Event: 1.155 Loaded shared library C:\Users\PlayGround\.vscode\extensions\redhat.java-1.21.0-win32-x64\jre\17.0.7-win32-x86_64\bin\instrument.dll
Event: 1.208 Loaded shared library C:\Users\PlayGround\.vscode\extensions\redhat.java-1.21.0-win32-x64\jre\17.0.7-win32-x86_64\bin\net.dll
Event: 1.435 Loaded shared library C:\Users\PlayGround\.vscode\extensions\redhat.java-1.21.0-win32-x64\jre\17.0.7-win32-x86_64\bin\nio.dll
Event: 1.517 Loaded shared library C:\Users\PlayGround\.vscode\extensions\redhat.java-1.21.0-win32-x64\jre\17.0.7-win32-x86_64\bin\zip.dll
Event: 1.610 Loaded shared library C:\Users\PlayGround\.vscode\extensions\redhat.java-1.21.0-win32-x64\jre\17.0.7-win32-x86_64\bin\jimage.dll
Event: 2.121 Loaded shared library c:\Users\PlayGround\.vscode\extensions\redhat.java-1.21.0-win32-x64\jre\17.0.7-win32-x86_64\bin\verify.dll

Deoptimization events (20 events):
Event: 3.033 Thread 0x000001bd899aa320 Uncommon trap: trap_request=0xffffffde fr.pc=0x000001bd94122744 relative=0x0000000000000124
Event: 3.033 Thread 0x000001bd899aa320 Uncommon trap: reason=class_check action=maybe_recompile pc=0x000001bd94122744 method=jdk.internal.misc.Unsafe.allocateUninitializedArray(Ljava/lang/Class;I)Ljava/lang/Object; @ 51 c2
Event: 3.033 Thread 0x000001bd899aa320 DEOPT PACKING pc=0x000001bd94122744 sp=0x0000005acd1fab10
Event: 3.033 Thread 0x000001bd899aa320 DEOPT UNPACKING pc=0x000001bd93bb66a3 sp=0x0000005acd1faa98 mode 2
Event: 3.033 Thread 0x000001bd899aa320 Uncommon trap: trap_request=0xffffffde fr.pc=0x000001bd94122744 relative=0x0000000000000124
Event: 3.033 Thread 0x000001bd899aa320 Uncommon trap: reason=class_check action=maybe_recompile pc=0x000001bd94122744 method=jdk.internal.misc.Unsafe.allocateUninitializedArray(Ljava/lang/Class;I)Ljava/lang/Object; @ 51 c2
Event: 3.033 Thread 0x000001bd899aa320 DEOPT PACKING pc=0x000001bd94122744 sp=0x0000005acd1fab10
Event: 3.033 Thread 0x000001bd899aa320 DEOPT UNPACKING pc=0x000001bd93bb66a3 sp=0x0000005acd1faa98 mode 2
Event: 3.033 Thread 0x000001bd899aa320 Uncommon trap: trap_request=0xffffffde fr.pc=0x000001bd94122744 relative=0x0000000000000124
Event: 3.033 Thread 0x000001bd899aa320 Uncommon trap: reason=class_check action=maybe_recompile pc=0x000001bd94122744 method=jdk.internal.misc.Unsafe.allocateUninitializedArray(Ljava/lang/Class;I)Ljava/lang/Object; @ 51 c2
Event: 3.033 Thread 0x000001bd899aa320 DEOPT PACKING pc=0x000001bd94122744 sp=0x0000005acd1fab50
Event: 3.033 Thread 0x000001bd899aa320 DEOPT UNPACKING pc=0x000001bd93bb66a3 sp=0x0000005acd1faad8 mode 2
Event: 3.045 Thread 0x000001bd899aa320 Uncommon trap: trap_request=0xffffff45 fr.pc=0x000001bd94114044 relative=0x00000000000000c4
Event: 3.046 Thread 0x000001bd899aa320 Uncommon trap: reason=unstable_if action=reinterpret pc=0x000001bd94114044 method=java.net.URI.match(CJJ)Z @ 45 c2
Event: 3.046 Thread 0x000001bd899aa320 DEOPT PACKING pc=0x000001bd94114044 sp=0x0000005acd1fc790
Event: 3.046 Thread 0x000001bd899aa320 DEOPT UNPACKING pc=0x000001bd93bb66a3 sp=0x0000005acd1fc718 mode 2
Event: 3.124 Thread 0x000001bd899aa320 Uncommon trap: trap_request=0xffffff45 fr.pc=0x000001bd94124ac8 relative=0x0000000000000648
Event: 3.124 Thread 0x000001bd899aa320 Uncommon trap: reason=unstable_if action=reinterpret pc=0x000001bd94124ac8 method=java.lang.String.replace(Ljava/lang/CharSequence;Ljava/lang/CharSequence;)Ljava/lang/String; @ 48 c2
Event: 3.124 Thread 0x000001bd899aa320 DEOPT PACKING pc=0x000001bd94124ac8 sp=0x0000005acd1fc6f0
Event: 3.124 Thread 0x000001bd899aa320 DEOPT UNPACKING pc=0x000001bd93bb66a3 sp=0x0000005acd1fc660 mode 2

Classes unloaded (0 events):
No events

Classes redefined (0 events):
No events

Internal exceptions (2 events):
Event: 0.959 Thread 0x000001bd899aa320 Exception <a 'java/lang/NoSuchMethodError'{0x00000000eacb28c8}: 'void java.lang.invoke.DirectMethodHandle$Holder.invokeStatic(java.lang.Object, java.lang.Object, java.lang.Object)'> (0x00000000eacb28c8) 
thrown [s\src\hotspot\share\interpreter\linkResolver.cpp, line 759]
Event: 2.425 Thread 0x000001bd899aa320 Exception <a 'java/lang/reflect/InvocationTargetException'{0x00000000eaf79938}> (0x00000000eaf79938) 
thrown [s\src\hotspot\share\runtime\reflection.cpp, line 1121]

VM Operations (8 events):
Event: 0.975 Executing VM operation: HandshakeAllThreads
Event: 0.975 Executing VM operation: HandshakeAllThreads done
Event: 1.700 Executing VM operation: HandshakeAllThreads
Event: 1.700 Executing VM operation: HandshakeAllThreads done
Event: 1.700 Executing VM operation: Cleanup
Event: 1.700 Executing VM operation: Cleanup done
Event: 2.712 Executing VM operation: Cleanup
Event: 2.712 Executing VM operation: Cleanup done

Events (20 events):
Event: 3.151 loading class java/time/LocalTime done
Event: 3.151 loading class java/time/zone/ZoneOffsetTransition
Event: 3.152 loading class java/time/zone/ZoneOffsetTransition done
Event: 3.152 loading class java/util/Collections$SingletonList
Event: 3.152 loading class java/util/Collections$SingletonList done
Event: 3.152 loading class java/time/Instant
Event: 3.153 loading class java/time/Instant done
Event: 3.154 loading class sun/security/pkcs/PKCS9Attributes
Event: 3.155 loading class sun/security/pkcs/PKCS9Attributes done
Event: 3.155 loading class sun/security/pkcs/PKCS9Attribute
Event: 3.156 loading class sun/security/pkcs/PKCS9Attribute done
Event: 3.157 loading class java/lang/Byte$ByteCache
Event: 3.157 loading class java/lang/Byte$ByteCache done
Event: 3.202 loading class sun/security/pkcs/SignerInfo$AlgorithmInfo
Event: 3.203 loading class sun/security/pkcs/SignerInfo$AlgorithmInfo done
Event: 3.203 loading class java/security/MessageDigest
Event: 3.203 loading class java/security/MessageDigestSpi
Event: 3.203 loading class java/security/MessageDigestSpi done
Event: 3.203 loading class java/security/MessageDigest done
Event: 3.204 loading class sun/security/provider/SHA2$SHA256


Dynamic libraries:
0x00007ff6fb5a0000 - 0x00007ff6fb5ae000 	c:\Users\PlayGround\.vscode\extensions\redhat.java-1.21.0-win32-x64\jre\17.0.7-win32-x86_64\bin\java.exe
0x00007ffd81990000 - 0x00007ffd81b88000 	C:\WINDOWS\SYSTEM32\ntdll.dll
0x00007ffd81720000 - 0x00007ffd817df000 	C:\WINDOWS\System32\KERNEL32.DLL
0x00007ffd7f020000 - 0x00007ffd7f316000 	C:\WINDOWS\System32\KERNELBASE.dll
0x00007ffd7f670000 - 0x00007ffd7f770000 	C:\WINDOWS\System32\ucrtbase.dll
0x00007ffd6a170000 - 0x00007ffd6a187000 	c:\Users\PlayGround\.vscode\extensions\redhat.java-1.21.0-win32-x64\jre\17.0.7-win32-x86_64\bin\jli.dll
0x00007ffd57e30000 - 0x00007ffd57e49000 	c:\Users\PlayGround\.vscode\extensions\redhat.java-1.21.0-win32-x64\jre\17.0.7-win32-x86_64\bin\VCRUNTIME140.dll
0x00007ffd80650000 - 0x00007ffd807ed000 	C:\WINDOWS\System32\USER32.dll
0x00007ffd7f530000 - 0x00007ffd7f552000 	C:\WINDOWS\System32\win32u.dll
0x00007ffd816f0000 - 0x00007ffd8171c000 	C:\WINDOWS\System32\GDI32.dll
0x00007ffd7f7a0000 - 0x00007ffd7f8b5000 	C:\WINDOWS\System32\gdi32full.dll
0x00007ffd6d410000 - 0x00007ffd6d6aa000 	C:\WINDOWS\WinSxS\amd64_microsoft.windows.common-controls_6595b64144ccf1df_6.0.19041.1110_none_60b5254171f9507e\COMCTL32.dll
0x00007ffd7f5d0000 - 0x00007ffd7f66d000 	C:\WINDOWS\System32\msvcp_win.dll
0x00007ffd80390000 - 0x00007ffd8042e000 	C:\WINDOWS\System32\msvcrt.dll
0x00007ffd809a0000 - 0x00007ffd809d0000 	C:\WINDOWS\System32\IMM32.DLL
0x00007ffd75340000 - 0x00007ffd7534c000 	c:\Users\PlayGround\.vscode\extensions\redhat.java-1.21.0-win32-x64\jre\17.0.7-win32-x86_64\bin\vcruntime140_1.dll
0x00007ffd54880000 - 0x00007ffd54911000 	c:\Users\PlayGround\.vscode\extensions\redhat.java-1.21.0-win32-x64\jre\17.0.7-win32-x86_64\bin\msvcp140.dll
0x00007ffcec0c0000 - 0x00007ffcecd08000 	c:\Users\PlayGround\.vscode\extensions\redhat.java-1.21.0-win32-x64\jre\17.0.7-win32-x86_64\bin\server\jvm.dll
0x00007ffd802e0000 - 0x00007ffd8038f000 	C:\WINDOWS\System32\ADVAPI32.dll
0x00007ffd805b0000 - 0x00007ffd8064c000 	C:\WINDOWS\System32\sechost.dll
0x00007ffd81540000 - 0x00007ffd81666000 	C:\WINDOWS\System32\RPCRT4.dll
0x00007ffd809d0000 - 0x00007ffd809d9000 	C:\WINDOWS\System32\WSOCK32.dll
0x00007ffd817e0000 - 0x00007ffd8184b000 	C:\WINDOWS\System32\WS2_32.dll
0x00007ffd80c90000 - 0x00007ffd80c9a000 	C:\WINDOWS\System32\VERSION.dll
0x00007ffd6caf0000 - 0x00007ffd6cb17000 	C:\WINDOWS\SYSTEM32\WINMM.dll
0x00007ffd7cec0000 - 0x00007ffd7ced2000 	C:\WINDOWS\SYSTEM32\kernel.appcore.dll
0x00007ffd74ce0000 - 0x00007ffd74cea000 	c:\Users\PlayGround\.vscode\extensions\redhat.java-1.21.0-win32-x64\jre\17.0.7-win32-x86_64\bin\jimage.dll
0x00007ffd73650000 - 0x00007ffd73834000 	C:\WINDOWS\SYSTEM32\DBGHELP.DLL
0x00007ffd735f0000 - 0x00007ffd73624000 	C:\WINDOWS\SYSTEM32\dbgcore.DLL
0x00007ffd7f8c0000 - 0x00007ffd7f942000 	C:\WINDOWS\System32\bcryptPrimitives.dll
0x00007ffd738e0000 - 0x00007ffd738ee000 	c:\Users\PlayGround\.vscode\extensions\redhat.java-1.21.0-win32-x64\jre\17.0.7-win32-x86_64\bin\instrument.dll
0x00007ffd57cf0000 - 0x00007ffd57d15000 	c:\Users\PlayGround\.vscode\extensions\redhat.java-1.21.0-win32-x64\jre\17.0.7-win32-x86_64\bin\java.dll
0x00007ffd57dd0000 - 0x00007ffd57de8000 	c:\Users\PlayGround\.vscode\extensions\redhat.java-1.21.0-win32-x64\jre\17.0.7-win32-x86_64\bin\zip.dll
0x00007ffd7fb80000 - 0x00007ffd802c4000 	C:\WINDOWS\System32\SHELL32.dll
0x00007ffd7d0c0000 - 0x00007ffd7d853000 	C:\WINDOWS\SYSTEM32\windows.storage.dll
0x00007ffd80ca0000 - 0x00007ffd80ff4000 	C:\WINDOWS\System32\combase.dll
0x00007ffd7ea60000 - 0x00007ffd7ea8e000 	C:\WINDOWS\SYSTEM32\Wldp.dll
0x00007ffd80430000 - 0x00007ffd804dd000 	C:\WINDOWS\System32\SHCORE.dll
0x00007ffd81690000 - 0x00007ffd816e5000 	C:\WINDOWS\System32\shlwapi.dll
0x00007ffd7ef50000 - 0x00007ffd7ef75000 	C:\WINDOWS\SYSTEM32\profapi.dll
0x00007ffd576b0000 - 0x00007ffd576c9000 	C:\Users\PlayGround\.vscode\extensions\redhat.java-1.21.0-win32-x64\jre\17.0.7-win32-x86_64\bin\net.dll
0x00007ffd76b80000 - 0x00007ffd76c8a000 	C:\WINDOWS\SYSTEM32\WINHTTP.dll
0x00007ffd6f200000 - 0x00007ffd6f3a4000 	C:\WINDOWS\system32\mwtsp.dll
0x00007ffd80a40000 - 0x00007ffd80b6a000 	C:\WINDOWS\System32\ole32.dll
0x00007ffd7ef00000 - 0x00007ffd7ef32000 	C:\WINDOWS\SYSTEM32\SspiCli.dll
0x00007ffd7e7c0000 - 0x00007ffd7e82a000 	C:\WINDOWS\system32\mswsock.dll
0x00007ffd57070000 - 0x00007ffd57085000 	C:\Users\PlayGround\.vscode\extensions\redhat.java-1.21.0-win32-x64\jre\17.0.7-win32-x86_64\bin\nio.dll
0x00007ffd70a50000 - 0x00007ffd70a60000 	c:\Users\PlayGround\.vscode\extensions\redhat.java-1.21.0-win32-x64\jre\17.0.7-win32-x86_64\bin\verify.dll

dbghelp: loaded successfully - version: 4.0.5 - missing functions: none
symbol engine: initialized successfully - sym options: 0x614 - pdb path: .;c:\Users\PlayGround\.vscode\extensions\redhat.java-1.21.0-win32-x64\jre\17.0.7-win32-x86_64\bin;C:\WINDOWS\SYSTEM32;C:\WINDOWS\WinSxS\amd64_microsoft.windows.common-controls_6595b64144ccf1df_6.0.19041.1110_none_60b5254171f9507e;c:\Users\PlayGround\.vscode\extensions\redhat.java-1.21.0-win32-x64\jre\17.0.7-win32-x86_64\bin\server

VM Arguments:
jvm_args: --add-modules=ALL-SYSTEM --add-opens=java.base/java.util=ALL-UNNAMED --add-opens=java.base/java.lang=ALL-UNNAMED --add-opens=java.base/sun.nio.fs=ALL-UNNAMED -Declipse.application=org.eclipse.jdt.ls.core.id1 -Dosgi.bundles.defaultStartLevel=4 -Declipse.product=org.eclipse.jdt.ls.core.product -Djava.import.generatesMetadataFilesAtProjectRoot=false -Dfile.encoding=utf8 -XX:+UseParallelGC -XX:GCTimeRatio=4 -XX:AdaptiveSizePolicyWeight=90 -Dsun.zip.disableMemoryMapping=true -Xmx1G -Xms100m -Xlog:disable -javaagent:c:\Users\PlayGround\.vscode\extensions\redhat.java-1.21.0-win32-x64\lombok\lombok-1.18.28.jar 
java_command: c:\Users\PlayGround\.vscode\extensions\redhat.java-1.21.0-win32-x64\server\plugins\org.eclipse.equinox.launcher_1.6.500.v20230717-2134.jar -configuration c:\Users\PlayGround\AppData\Roaming\Code\User\globalStorage\redhat.java\1.21.0\config_ss_win -data c:\Users\PlayGround\AppData\Roaming\Code\User\workspaceStorage\9d3b3cff8269673f6d105bc0112d8063\redhat.java\ss_ws
java_class_path (initial): c:\Users\PlayGround\.vscode\extensions\redhat.java-1.21.0-win32-x64\server\plugins\org.eclipse.equinox.launcher_1.6.500.v20230717-2134.jar
Launcher Type: SUN_STANDARD

[Global flags]
    uintx AdaptiveSizePolicyWeight                 = 90                                        {product} {command line}
     intx CICompilerCount                          = 4                                         {product} {ergonomic}
    uintx GCTimeRatio                              = 4                                         {product} {command line}
   size_t InitialHeapSize                          = 104857600                                 {product} {command line}
   size_t MaxHeapSize                              = 1073741824                                {product} {command line}
   size_t MaxNewSize                               = 357564416                                 {product} {ergonomic}
   size_t MinHeapDeltaBytes                        = 524288                                    {product} {ergonomic}
   size_t MinHeapSize                              = 104857600                                 {product} {command line}
   size_t NewSize                                  = 34603008                                  {product} {ergonomic}
    uintx NonNMethodCodeHeapSize                   = 5839372                                {pd product} {ergonomic}
    uintx NonProfiledCodeHeapSize                  = 122909434                              {pd product} {ergonomic}
   size_t OldSize                                  = 70254592                                  {product} {ergonomic}
    uintx ProfiledCodeHeapSize                     = 122909434                              {pd product} {ergonomic}
    uintx ReservedCodeCacheSize                    = 251658240                              {pd product} {ergonomic}
     bool SegmentedCodeCache                       = true                                      {product} {ergonomic}
   size_t SoftMaxHeapSize                          = 1073741824                             {manageable} {ergonomic}
     bool UseCompressedClassPointers               = true                           {product lp64_product} {ergonomic}
     bool UseCompressedOops                        = true                           {product lp64_product} {ergonomic}
     bool UseLargePagesIndividualAllocation        = false                                  {pd product} {ergonomic}
     bool UseParallelGC                            = true                                      {product} {command line}

Logging:
Log output configuration:
 #0: stdout all=off uptime,level,tags
 #1: stderr all=off uptime,level,tags

Environment Variables:
PATH=C:\Program Files\Common Files\Oracle\Java\javapath;C:\ProgramData\Miniconda3;C:\ProgramData\Miniconda3\Library\mingw-w64\bin;C:\ProgramData\Miniconda3\Library\usr\bin;C:\ProgramData\Miniconda3\Library\bin;C:\ProgramData\Miniconda3\Scripts;C:\WINDOWS\system32;C:\WINDOWS;C:\WINDOWS\system32\Wbem;C:\app\Mahesh\product\18.0.0\dbhomeXE\bin;C:\Program Files (x86)\Intel\Intel(R) Management Engine Components\iCLS\;C:\Program Files\Intel\Intel(R) Management Engine Components\iCLS\;C:\Windows\System32\WindowsPowerShell\v1.0\;C:\Windows\System32\OpenSSH\;C:\Program Files (x86)\Intel\Intel(R) Management Engine Components\DAL;C:\Program Files\Intel\Intel(R) Management Engine Components\DAL;C:\Program Files (x86)\Intel\Intel(R) Management Engine Components\IPT;C:\Program Files\Intel\Intel(R) Management Engine Components\IPT;C:\Users\Mahesh\AppData\Local\Microsoft\WindowsApps;C:\adb;C:\Program Files (x86)\NVIDIA Corporation\PhysX\Common;C:\Program Files\nodejs\;C:\WINDOWS\system32;C:\WINDOWS;C:\WINDOWS\System32\Wbem;C:\WINDOWS\System32\WindowsPowerShell\v1.0\;C:\WINDOWS\System32\OpenSSH\;C:\Users\PlayGround\AppData\Roaming\npm;C:\Program Files\Microsoft SQL Server\150\Tools\Binn\;C:\Program Files\Microsoft SQL Server\Client SDK\ODBC\170\Tools\Binn\;C:\Program Files\Microsoft SQL Server\140\DTS\Binn\;C:\Program Files\Microsoft SQL Server\150\DTS\Binn\;C:\Program Files\Microsoft SQL Server\160\DTS\Binn\;C:\Program Files (x86)\Microsoft SQL Server\160\Tools\Binn\;C:\Program Files\Microsoft SQL Server\160\Tools\Binn\;C:\Program Files\dotnet\;C:\Program Files\Azure Data Studio\bin;C:\Program Files (x86)\Microsoft SQL Server\160\DTS\Binn\;C:\Users\PlayGround\AppData\Local\Microsoft\WindowsApps;C:\Users\PlayGround\AppData\Local\Programs\Microsoft VS Code\bin;C:\Users\PlayGround\AppData\Local\Programs\Git\cmd;C:\Users\PlayGround\AppData\Local\GitHubDesktop\bin
USERNAME=PlayGround
OS=Windows_NT
PROCESSOR_IDENTIFIER=Intel64 Family 6 Model 142 Stepping 10, GenuineIntel
TMP=C:\Users\PLAYGR~1\AppData\Local\Temp
TEMP=C:\Users\PLAYGR~1\AppData\Local\Temp



---------------  S Y S T E M  ---------------

OS:
 Windows 10 , 64 bit Build 19041 (10.0.19041.3155)
OS uptime: 21 days 7:43 hours

CPU: total 8 (initial active 8) (4 cores per cpu, 2 threads per core) family 6 model 142 stepping 10 microcode 0xb4, cx8, cmov, fxsr, ht, mmx, 3dnowpref, sse, sse2, sse3, ssse3, sse4.1, sse4.2, popcnt, lzcnt, tsc, tscinvbit, avx, avx2, aes, erms, clmul, bmi1, bmi2, adx, fma, vzeroupper, clflush, clflushopt

Memory: 4k page, system-wide physical 8067M (754M free)
TotalPageFile size 32643M (AvailPageFile size 20M)
current process WorkingSet (physical memory assigned to process): 55M, peak: 55M
current process commit charge ("private bytes"): 196M, peak: 196M

vm_info: OpenJDK 64-Bit Server VM (17.0.7+7) for windows-amd64 JRE (17.0.7+7), built on Apr 18 2023 22:10:42 by "temurin" with MS VC++ 16.7 (VS2019)

END.
